{"message":"Inicializando a documentação da API SWAGGER","level":"info"}
{"message":"Server is running on port: 3000","level":"info"}
{"level":"info","message":"db: mongodb is connected: mongodb://localhost:27017/recicla"}
{"message":"Connected to MongoDB","level":"info"}
{"message":"Inicializando a documentação da API SWAGGER","level":"info"}
{"message":"Server is running on port: 3000","level":"info"}
{"level":"info","message":"db: mongodb is connected: mongodb://localhost:27017/recicla"}
{"message":"Connected to MongoDB","level":"info"}
{"message":"Server is running on port: 3001","level":"info"}
{"level":"info","message":"db: mongodb is connected: mongodb://localhost:27017/recicla_test"}
{"message":"Connected to MongoDB","level":"info"}
{"message":"Server is running on port: 3001","level":"info"}
{"level":"info","message":"db: mongodb is connected: mongodb://localhost:27017/recicla_test"}
{"message":"Connected to MongoDB","level":"info"}
{"message":"Inicializando a documentação da API SWAGGER","level":"info"}
{"message":"Server is running on port: 3000","level":"info"}
{"level":"info","message":"db: mongodb is connected: mongodb://localhost:27017/recicla"}
{"message":"Connected to MongoDB","level":"info"}
{"message":"Server is running on port: 3001","level":"info"}
{"level":"info","message":"db: mongodb is connected: mongodb://localhost:27017/recicla_test"}
{"message":"Connected to MongoDB","level":"info"}
{"message":"Server is running on port: 3001","level":"info"}
{"level":"info","message":"db: mongodb is connected: mongodb://localhost:27017/recicla_test"}
{"message":"Connected to MongoDB","level":"info"}
{"message":"Inicializando a documentação da API SWAGGER","level":"info"}
{"message":"Server is running on port: 3000","level":"info"}
{"level":"info","message":"db: mongodb is connected: mongodb://localhost:27017/recicla"}
{"message":"Connected to MongoDB","level":"info"}
{"message":"Server is running on port: 3001","level":"info"}
{"level":"info","message":"db: mongodb is connected: mongodb://localhost:27017/recicla_test"}
{"message":"Connected to MongoDB","level":"info"}
{"message":"Server is running on port: 3001","level":"info"}
{"level":"info","message":"db: mongodb is connected: mongodb://localhost:27017/recicla_test"}
{"message":"Connected to MongoDB","level":"info"}
{"message":"Inicializando a documentação da API SWAGGER","level":"info"}
{"message":"Server is running on port: 3000","level":"info"}
{"level":"info","message":"db: mongodb is connected: mongodb://localhost:27017/recicla"}
{"message":"Connected to MongoDB","level":"info"}
{"message":"Server is running on port: 3001","level":"info"}
{"level":"info","message":"db: mongodb is connected: mongodb://localhost:27017/recicla_test"}
{"message":"Connected to MongoDB","level":"info"}
{"message":"Server is running on port: 3001","level":"info"}
{"level":"info","message":"db: mongodb is connected: mongodb://localhost:27017/recicla_test"}
{"message":"Connected to MongoDB","level":"info"}
{"message":"Inicializando a documentação da API SWAGGER","level":"info"}
{"message":"Server is running on port: 3000","level":"info"}
{"level":"info","message":"db: mongodb is connected: mongodb://localhost:27017/recicla"}
{"message":"Connected to MongoDB","level":"info"}
{"message":"Server is running on port: 3001","level":"info"}
{"level":"info","message":"db: mongodb is connected: mongodb://localhost:27017/recicla_test"}
{"message":"Connected to MongoDB","level":"info"}
{"message":"Server is running on port: 3001","level":"info"}
{"level":"info","message":"db: mongodb is connected: mongodb://localhost:27017/recicla_test"}
{"message":"Connected to MongoDB","level":"info"}
{"message":"Inicializando a documentação da API SWAGGER","level":"info"}
{"message":"Server is running on port: 3000","level":"info"}
{"level":"info","message":"db: mongodb is connected: mongodb://localhost:27017/recicla"}
{"message":"Connected to MongoDB","level":"info"}
{"message":"Server is running on port: 3001","level":"info"}
{"level":"info","message":"db: mongodb is connected: mongodb://localhost:27017/recicla_test"}
{"message":"Connected to MongoDB","level":"info"}
{"message":"Server is running on port: 3001","level":"info"}
{"level":"info","message":"db: mongodb is connected: mongodb://localhost:27017/recicla_test"}
{"message":"Connected to MongoDB","level":"info"}
{"message":"Inicializando a documentação da API SWAGGER","level":"info"}
{"message":"Server is running on port: 3000","level":"info"}
{"level":"info","message":"db: mongodb is connected: mongodb://localhost:27017/recicla"}
{"message":"Connected to MongoDB","level":"info"}
{"message":"Server is running on port: 3001","level":"info"}
{"level":"info","message":"db: mongodb is connected: mongodb://localhost:27017/recicla_test"}
{"message":"Connected to MongoDB","level":"info"}
{"message":"Server is running on port: 3001","level":"info"}
{"level":"info","message":"db: mongodb is connected: mongodb://localhost:27017/recicla_test"}
{"message":"Connected to MongoDB","level":"info"}
{"message":"Inicializando a documentação da API SWAGGER","level":"info"}
{"message":"Server is running on port: 3000","level":"info"}
{"level":"info","message":"db: mongodb is connected: mongodb://localhost:27017/recicla"}
{"message":"Connected to MongoDB","level":"info"}
{"message":"Server is running on port: 3001","level":"info"}
{"level":"info","message":"db: mongodb is connected: mongodb://localhost:27017/recicla_test"}
{"message":"Connected to MongoDB","level":"info"}
{"message":"Server is running on port: 3001","level":"info"}
{"level":"info","message":"db: mongodb is connected: mongodb://localhost:27017/recicla_test"}
{"message":"Connected to MongoDB","level":"info"}
{"message":"Inicializando a documentação da API SWAGGER","level":"info"}
{"message":"Server is running on port: 3000","level":"info"}
{"level":"info","message":"db: mongodb is connected: mongodb://localhost:27017/recicla"}
{"message":"Connected to MongoDB","level":"info"}
{"message":"Server is running on port: 3001","level":"info"}
{"level":"info","message":"db: mongodb is connected: mongodb://localhost:27017/recicla_test"}
{"message":"Connected to MongoDB","level":"info"}
{"message":"Server is running on port: 3001","level":"info"}
{"level":"info","message":"db: mongodb is connected: mongodb://localhost:27017/recicla_test"}
{"message":"Connected to MongoDB","level":"info"}
{"message":"Inicializando a documentação da API SWAGGER","level":"info"}
{"message":"Server is running on port: 3000","level":"info"}
{"level":"info","message":"db: mongodb is connected: mongodb://localhost:27017/recicla"}
{"message":"Connected to MongoDB","level":"info"}
{"message":"Server is running on port: 3001","level":"info"}
{"level":"info","message":"db: mongodb is connected: mongodb://localhost:27017/recicla_test"}
{"message":"Connected to MongoDB","level":"info"}
{"message":"Server is running on port: 3001","level":"info"}
{"level":"info","message":"db: mongodb is connected: mongodb://localhost:27017/recicla_test"}
{"message":"Connected to MongoDB","level":"info"}
{"message":"Inicializando a documentação da API SWAGGER","level":"info"}
{"message":"Server is running on port: 3000","level":"info"}
{"level":"info","message":"db: mongodb is connected: mongodb://localhost:27017/recicla"}
{"message":"Connected to MongoDB","level":"info"}
{"message":"Server is running on port: 3001","level":"info"}
{"level":"info","message":"db: mongodb is connected: mongodb://localhost:27017/recicla_test"}
{"message":"Connected to MongoDB","level":"info"}
{"message":"Server is running on port: 3001","level":"info"}
{"level":"info","message":"db: mongodb is connected: mongodb://localhost:27017/recicla_test"}
{"message":"Connected to MongoDB","level":"info"}
{"message":"Inicializando a documentação da API SWAGGER","level":"info"}
{"message":"Server is running on port: 3000","level":"info"}
{"level":"info","message":"db: mongodb is connected: mongodb://localhost:27017/recicla"}
{"message":"Connected to MongoDB","level":"info"}
{"message":"Server is running on port: 3001","level":"info"}
{"level":"info","message":"db: mongodb is connected: mongodb://localhost:27017/recicla_test"}
{"message":"Connected to MongoDB","level":"info"}
{"message":"Server is running on port: 3001","level":"info"}
{"level":"info","message":"db: mongodb is connected: mongodb://localhost:27017/recicla_test"}
{"message":"Connected to MongoDB","level":"info"}
{"message":"Inicializando a documentação da API SWAGGER","level":"info"}
{"message":"Server is running on port: 3000","level":"info"}
{"level":"info","message":"db: mongodb is connected: mongodb://localhost:27017/recicla"}
{"message":"Connected to MongoDB","level":"info"}
{"message":"Server is running on port: 3001","level":"info"}
{"level":"info","message":"db: mongodb is connected: mongodb://localhost:27017/recicla_test"}
{"message":"Connected to MongoDB","level":"info"}
{"message":"Server is running on port: 3001","level":"info"}
{"level":"info","message":"db: mongodb is connected: mongodb://localhost:27017/recicla_test"}
{"message":"Connected to MongoDB","level":"info"}
{"message":"Inicializando a documentação da API SWAGGER","level":"info"}
{"message":"Server is running on port: 3000","level":"info"}
{"level":"info","message":"db: mongodb is connected: mongodb://localhost:27017/recicla"}
{"message":"Connected to MongoDB","level":"info"}
{"message":"Server is running on port: 3001","level":"info"}
{"level":"info","message":"db: mongodb is connected: mongodb://localhost:27017/recicla_test"}
{"message":"Connected to MongoDB","level":"info"}
{"message":"Server is running on port: 3001","level":"info"}
{"level":"info","message":"db: mongodb is connected: mongodb://localhost:27017/recicla_test"}
{"message":"Connected to MongoDB","level":"info"}
{"message":"Inicializando a documentação da API SWAGGER","level":"info"}
{"message":"Server is running on port: 3000","level":"info"}
{"level":"info","message":"db: mongodb is connected: mongodb://localhost:27017/recicla"}
{"message":"Connected to MongoDB","level":"info"}
{"message":"Server is running on port: 3001","level":"info"}
{"level":"info","message":"db: mongodb is connected: mongodb://localhost:27017/recicla_test"}
{"message":"Connected to MongoDB","level":"info"}
{"message":"Server is running on port: 3001","level":"info"}
{"level":"info","message":"db: mongodb is connected: mongodb://localhost:27017/recicla_test"}
{"message":"Connected to MongoDB","level":"info"}
{"message":"Inicializando a documentação da API SWAGGER","level":"info"}
{"message":"Server is running on port: 3000","level":"info"}
{"level":"info","message":"db: mongodb is connected: mongodb://localhost:27017/recicla"}
{"message":"Connected to MongoDB","level":"info"}
{"message":"Server is running on port: 3001","level":"info"}
{"level":"info","message":"db: mongodb is connected: mongodb://localhost:27017/recicla_test"}
{"message":"Connected to MongoDB","level":"info"}
{"message":"Server is running on port: 3001","level":"info"}
{"level":"info","message":"db: mongodb is connected: mongodb://localhost:27017/recicla_test"}
{"message":"Connected to MongoDB","level":"info"}
{"message":"Inicializando a documentação da API SWAGGER","level":"info"}
{"message":"Server is running on port: 3000","level":"info"}
{"level":"info","message":"db: mongodb is connected: mongodb://localhost:27017/recicla"}
{"message":"Connected to MongoDB","level":"info"}
{"message":"Server is running on port: 3001","level":"info"}
{"level":"info","message":"db: mongodb is connected: mongodb://localhost:27017/recicla_test"}
{"message":"Connected to MongoDB","level":"info"}
{"message":"Server is running on port: 3001","level":"info"}
{"level":"info","message":"db: mongodb is connected: mongodb://localhost:27017/recicla_test"}
{"message":"Connected to MongoDB","level":"info"}
{"message":"Inicializando a documentação da API SWAGGER","level":"info"}
{"message":"Server is running on port: 3000","level":"info"}
{"level":"info","message":"db: mongodb is connected: mongodb://localhost:27017/recicla"}
{"message":"Connected to MongoDB","level":"info"}
{"message":"Server is running on port: 3001","level":"info"}
{"level":"info","message":"db: mongodb is connected: mongodb://localhost:27017/recicla_test"}
{"message":"Connected to MongoDB","level":"info"}
{"message":"Server is running on port: 3001","level":"info"}
{"level":"info","message":"db: mongodb is connected: mongodb://localhost:27017/recicla_test"}
{"message":"Connected to MongoDB","level":"info"}
{"message":"Inicializando a documentação da API SWAGGER","level":"info"}
{"message":"Server is running on port: 3000","level":"info"}
{"level":"info","message":"db: mongodb is connected: mongodb://localhost:27017/recicla"}
{"message":"Connected to MongoDB","level":"info"}
{"message":"Server is running on port: 3001","level":"info"}
{"level":"info","message":"db: mongodb is connected: mongodb://localhost:27017/recicla_test"}
{"message":"Connected to MongoDB","level":"info"}
{"message":"Server is running on port: 3001","level":"info"}
{"level":"info","message":"db: mongodb is connected: mongodb://localhost:27017/recicla_test"}
{"message":"Connected to MongoDB","level":"info"}
{"message":"Inicializando a documentação da API SWAGGER","level":"info"}
{"message":"Server is running on port: 3000","level":"info"}
{"level":"info","message":"db: mongodb is connected: mongodb://localhost:27017/recicla"}
{"message":"Connected to MongoDB","level":"info"}
{"message":"Server is running on port: 3001","level":"info"}
{"level":"info","message":"db: mongodb is connected: mongodb://localhost:27017/recicla_test"}
{"message":"Connected to MongoDB","level":"info"}
{"message":"Server is running on port: 3001","level":"info"}
{"level":"info","message":"db: mongodb is connected: mongodb://localhost:27017/recicla_test"}
{"message":"Connected to MongoDB","level":"info"}
{"message":"Inicializando a documentação da API SWAGGER","level":"info"}
{"message":"Server is running on port: 3000","level":"info"}
{"level":"info","message":"db: mongodb is connected: mongodb://localhost:27017/recicla"}
{"message":"Connected to MongoDB","level":"info"}
{"message":"Server is running on port: 3001","level":"info"}
{"level":"info","message":"db: mongodb is connected: mongodb://localhost:27017/recicla_test"}
{"message":"Connected to MongoDB","level":"info"}
{"message":"Server is running on port: 3001","level":"info"}
{"level":"info","message":"db: mongodb is connected: mongodb://localhost:27017/recicla_test"}
{"message":"Connected to MongoDB","level":"info"}
{"message":"Inicializando a documentação da API SWAGGER","level":"info"}
{"message":"Server is running on port: 3000","level":"info"}
{"level":"info","message":"db: mongodb is connected: mongodb://localhost:27017/recicla"}
{"message":"Connected to MongoDB","level":"info"}
{"message":"Server is running on port: 3001","level":"info"}
{"level":"info","message":"db: mongodb is connected: mongodb://localhost:27017/recicla_test"}
{"message":"Connected to MongoDB","level":"info"}
{"message":"Server is running on port: 3001","level":"info"}
{"level":"info","message":"db: mongodb is connected: mongodb://localhost:27017/recicla_test"}
{"message":"Connected to MongoDB","level":"info"}
{"message":"Inicializando a documentação da API SWAGGER","level":"info"}
{"message":"Server is running on port: 3000","level":"info"}
{"level":"info","message":"db: mongodb is connected: mongodb://localhost:27017/recicla"}
{"message":"Connected to MongoDB","level":"info"}
{"message":"Server is running on port: 3001","level":"info"}
{"level":"info","message":"db: mongodb is connected: mongodb://localhost:27017/recicla_test"}
{"message":"Connected to MongoDB","level":"info"}
{"message":"Server is running on port: 3001","level":"info"}
{"level":"info","message":"db: mongodb is connected: mongodb://localhost:27017/recicla_test"}
{"message":"Connected to MongoDB","level":"info"}
{"message":"Inicializando a documentação da API SWAGGER","level":"info"}
{"message":"Server is running on port: 3000","level":"info"}
{"level":"info","message":"db: mongodb is connected: mongodb://localhost:27017/recicla"}
{"message":"Connected to MongoDB","level":"info"}
{"message":"Server is running on port: 3001","level":"info"}
{"level":"info","message":"db: mongodb is connected: mongodb://localhost:27017/recicla_test"}
{"message":"Connected to MongoDB","level":"info"}
{"message":"Server is running on port: 3001","level":"info"}
{"level":"info","message":"db: mongodb is connected: mongodb://localhost:27017/recicla_test"}
{"message":"Connected to MongoDB","level":"info"}
{"message":"Inicializando a documentação da API SWAGGER","level":"info"}
{"message":"Server is running on port: 3000","level":"info"}
{"level":"info","message":"db: mongodb is connected: mongodb://localhost:27017/recicla"}
{"message":"Connected to MongoDB","level":"info"}
{"message":"Server is running on port: 3001","level":"info"}
{"level":"info","message":"db: mongodb is connected: mongodb://localhost:27017/recicla_test"}
{"message":"Connected to MongoDB","level":"info"}
{"message":"Server is running on port: 3001","level":"info"}
{"level":"info","message":"db: mongodb is connected: mongodb://localhost:27017/recicla_test"}
{"message":"Connected to MongoDB","level":"info"}
{"message":"Inicializando a documentação da API SWAGGER","level":"info"}
{"message":"Server is running on port: 3000","level":"info"}
{"level":"info","message":"db: mongodb is connected: mongodb://localhost:27017/recicla"}
{"message":"Connected to MongoDB","level":"info"}
{"message":"Server is running on port: 3001","level":"info"}
{"level":"info","message":"db: mongodb is connected: mongodb://localhost:27017/recicla_test"}
{"message":"Connected to MongoDB","level":"info"}
{"message":"Server is running on port: 3001","level":"info"}
{"level":"info","message":"db: mongodb is connected: mongodb://localhost:27017/recicla_test"}
{"message":"Connected to MongoDB","level":"info"}
{"message":"Inicializando a documentação da API SWAGGER","level":"info"}
{"message":"Server is running on port: 3000","level":"info"}
{"level":"info","message":"db: mongodb is connected: mongodb://localhost:27017/recicla"}
{"message":"Connected to MongoDB","level":"info"}
{"message":"Server is running on port: 3001","level":"info"}
{"level":"info","message":"db: mongodb is connected: mongodb://localhost:27017/recicla_test"}
{"message":"Connected to MongoDB","level":"info"}
{"message":"Server is running on port: 3001","level":"info"}
{"level":"info","message":"db: mongodb is connected: mongodb://localhost:27017/recicla_test"}
{"message":"Connected to MongoDB","level":"info"}
{"message":"Inicializando a documentação da API SWAGGER","level":"info"}
{"message":"Server is running on port: 3000","level":"info"}
{"level":"info","message":"db: mongodb is connected: mongodb://localhost:27017/recicla"}
{"message":"Connected to MongoDB","level":"info"}
{"message":"Server is running on port: 3001","level":"info"}
{"level":"info","message":"db: mongodb is connected: mongodb://localhost:27017/recicla_test"}
{"message":"Connected to MongoDB","level":"info"}
{"message":"Server is running on port: 3001","level":"info"}
{"level":"info","message":"db: mongodb is connected: mongodb://localhost:27017/recicla_test"}
{"message":"Connected to MongoDB","level":"info"}
{"message":"Inicializando a documentação da API SWAGGER","level":"info"}
{"message":"Server is running on port: 3000","level":"info"}
{"level":"info","message":"db: mongodb is connected: mongodb://localhost:27017/recicla"}
{"message":"Connected to MongoDB","level":"info"}
{"message":"Server is running on port: 3001","level":"info"}
{"level":"info","message":"db: mongodb is connected: mongodb://localhost:27017/recicla_test"}
{"message":"Connected to MongoDB","level":"info"}
{"message":"Server is running on port: 3001","level":"info"}
{"level":"info","message":"db: mongodb is connected: mongodb://localhost:27017/recicla_test"}
{"message":"Connected to MongoDB","level":"info"}
{"message":"Inicializando a documentação da API SWAGGER","level":"info"}
{"message":"Server is running on port: 3000","level":"info"}
{"level":"info","message":"db: mongodb is connected: mongodb://localhost:27017/recicla"}
{"message":"Connected to MongoDB","level":"info"}
{"message":"Server is running on port: 3001","level":"info"}
{"level":"info","message":"db: mongodb is connected: mongodb://localhost:27017/recicla_test"}
{"message":"Connected to MongoDB","level":"info"}
{"message":"Server is running on port: 3001","level":"info"}
{"level":"info","message":"db: mongodb is connected: mongodb://localhost:27017/recicla_test"}
{"message":"Connected to MongoDB","level":"info"}
{"message":"Inicializando a documentação da API SWAGGER","level":"info"}
{"message":"Server is running on port: 3000","level":"info"}
{"level":"info","message":"db: mongodb is connected: mongodb://localhost:27017/recicla"}
{"message":"Connected to MongoDB","level":"info"}
{"message":"Server is running on port: 3001","level":"info"}
{"level":"info","message":"db: mongodb is connected: mongodb://localhost:27017/recicla_test"}
{"message":"Connected to MongoDB","level":"info"}
{"message":"Server is running on port: 3001","level":"info"}
{"level":"info","message":"db: mongodb is connected: mongodb://localhost:27017/recicla_test"}
{"message":"Connected to MongoDB","level":"info"}
{"message":"Inicializando a documentação da API SWAGGER","level":"info"}
{"message":"Server is running on port: 3000","level":"info"}
{"level":"info","message":"db: mongodb is connected: mongodb://localhost:27017/recicla"}
{"message":"Connected to MongoDB","level":"info"}
{"message":"Server is running on port: 3001","level":"info"}
{"level":"info","message":"db: mongodb is connected: mongodb://localhost:27017/recicla_test"}
{"message":"Connected to MongoDB","level":"info"}
{"message":"Server is running on port: 3001","level":"info"}
{"level":"info","message":"db: mongodb is connected: mongodb://localhost:27017/recicla_test"}
{"message":"Connected to MongoDB","level":"info"}
{"message":"Inicializando a documentação da API SWAGGER","level":"info"}
{"message":"Server is running on port: 3000","level":"info"}
{"level":"info","message":"db: mongodb is connected: mongodb://localhost:27017/recicla"}
{"message":"Connected to MongoDB","level":"info"}
{"message":"Server is running on port: 3001","level":"info"}
{"level":"info","message":"db: mongodb is connected: mongodb://localhost:27017/recicla_test"}
{"message":"Connected to MongoDB","level":"info"}
{"message":"Server is running on port: 3001","level":"info"}
{"level":"info","message":"db: mongodb is connected: mongodb://localhost:27017/recicla_test"}
{"message":"Connected to MongoDB","level":"info"}
{"message":"Inicializando a documentação da API SWAGGER","level":"info"}
{"message":"Server is running on port: 3000","level":"info"}
{"level":"info","message":"db: mongodb is connected: mongodb://localhost:27017/recicla"}
{"message":"Connected to MongoDB","level":"info"}
{"message":"Server is running on port: 3001","level":"info"}
{"level":"info","message":"db: mongodb is connected: mongodb://localhost:27017/recicla_test"}
{"message":"Connected to MongoDB","level":"info"}
{"message":"Server is running on port: 3001","level":"info"}
{"level":"info","message":"db: mongodb is connected: mongodb://localhost:27017/recicla_test"}
{"message":"Connected to MongoDB","level":"info"}
{"message":"Inicializando a documentação da API SWAGGER","level":"info"}
{"message":"Server is running on port: 3000","level":"info"}
{"level":"info","message":"db: mongodb is connected: mongodb://localhost:27017/recicla"}
{"message":"Connected to MongoDB","level":"info"}
{"message":"Server is running on port: 3001","level":"info"}
{"level":"info","message":"db: mongodb is connected: mongodb://localhost:27017/recicla_test"}
{"message":"Connected to MongoDB","level":"info"}
{"message":"Server is running on port: 3001","level":"info"}
{"level":"info","message":"db: mongodb is connected: mongodb://localhost:27017/recicla_test"}
{"message":"Connected to MongoDB","level":"info"}
{"message":"Inicializando a documentação da API SWAGGER","level":"info"}
{"message":"Server is running on port: 3000","level":"info"}
{"level":"info","message":"db: mongodb is connected: mongodb://localhost:27017/recicla"}
{"message":"Connected to MongoDB","level":"info"}
{"message":"Server is running on port: 3001","level":"info"}
{"level":"info","message":"db: mongodb is connected: mongodb://localhost:27017/recicla_test"}
{"message":"Connected to MongoDB","level":"info"}
{"message":"Server is running on port: 3001","level":"info"}
{"level":"info","message":"db: mongodb is connected: mongodb://localhost:27017/recicla_test"}
{"message":"Connected to MongoDB","level":"info"}
{"message":"Inicializando a documentação da API SWAGGER","level":"info"}
{"message":"Server is running on port: 3000","level":"info"}
{"level":"info","message":"db: mongodb is connected: mongodb://localhost:27017/recicla"}
{"message":"Connected to MongoDB","level":"info"}
{"message":"Server is running on port: 3001","level":"info"}
{"level":"info","message":"db: mongodb is connected: mongodb://localhost:27017/recicla_test"}
{"message":"Connected to MongoDB","level":"info"}
{"message":"Server is running on port: 3001","level":"info"}
{"level":"info","message":"db: mongodb is connected: mongodb://localhost:27017/recicla_test"}
{"message":"Connected to MongoDB","level":"info"}
{"message":"Inicializando a documentação da API SWAGGER","level":"info"}
{"message":"Server is running on port: 3000","level":"info"}
{"level":"info","message":"db: mongodb is connected: mongodb://localhost:27017/recicla"}
{"message":"Connected to MongoDB","level":"info"}
{"message":"Server is running on port: 3001","level":"info"}
{"level":"info","message":"db: mongodb is connected: mongodb://localhost:27017/recicla_test"}
{"message":"Connected to MongoDB","level":"info"}
{"message":"Server is running on port: 3001","level":"info"}
{"level":"info","message":"db: mongodb is connected: mongodb://localhost:27017/recicla_test"}
{"message":"Connected to MongoDB","level":"info"}
{"message":"Inicializando a documentação da API SWAGGER","level":"info"}
{"message":"Server is running on port: 3000","level":"info"}
{"level":"info","message":"db: mongodb is connected: mongodb://localhost:27017/recicla"}
{"message":"Connected to MongoDB","level":"info"}
{"message":"Server is running on port: 3001","level":"info"}
{"level":"info","message":"db: mongodb is connected: mongodb://localhost:27017/recicla_test"}
{"message":"Connected to MongoDB","level":"info"}
{"message":"Server is running on port: 3001","level":"info"}
{"level":"info","message":"db: mongodb is connected: mongodb://localhost:27017/recicla_test"}
{"message":"Connected to MongoDB","level":"info"}
{"message":"Inicializando a documentação da API SWAGGER","level":"info"}
{"message":"Server is running on port: 3000","level":"info"}
{"level":"info","message":"db: mongodb is connected: mongodb://localhost:27017/recicla"}
{"message":"Connected to MongoDB","level":"info"}
{"message":"Server is running on port: 3001","level":"info"}
{"level":"info","message":"db: mongodb is connected: mongodb://localhost:27017/recicla_test"}
{"message":"Connected to MongoDB","level":"info"}
{"message":"Server is running on port: 3001","level":"info"}
{"level":"info","message":"db: mongodb is connected: mongodb://localhost:27017/recicla_test"}
{"message":"Connected to MongoDB","level":"info"}
{"message":"Inicializando a documentação da API SWAGGER","level":"info"}
{"message":"Server is running on port: 3000","level":"info"}
{"level":"info","message":"db: mongodb is connected: mongodb://localhost:27017/recicla"}
{"message":"Connected to MongoDB","level":"info"}
{"message":"Server is running on port: 3001","level":"info"}
{"level":"info","message":"db: mongodb is connected: mongodb://localhost:27017/recicla_test"}
{"message":"Connected to MongoDB","level":"info"}
{"message":"Server is running on port: 3001","level":"info"}
{"level":"info","message":"db: mongodb is connected: mongodb://localhost:27017/recicla_test"}
{"message":"Connected to MongoDB","level":"info"}
{"message":"Inicializando a documentação da API SWAGGER","level":"info"}
{"message":"Server is running on port: 3000","level":"info"}
{"level":"info","message":"db: mongodb is connected: mongodb://localhost:27017/recicla"}
{"message":"Connected to MongoDB","level":"info"}
{"message":"::1 - - [08/Oct/2018:13:58:11 +0000] \"GET / HTTP/1.1\" 302 62 \"-\" \"Mozilla/5.0 (X11; Linux x86_64) AppleWebKit/537.36 (KHTML, like Gecko) Chrome/69.0.3497.100 Safari/537.36\"\n","level":"info"}
{"message":"::1 - - [08/Oct/2018:13:58:11 +0000] \"GET /api-docs/ HTTP/1.1\" 304 - \"-\" \"Mozilla/5.0 (X11; Linux x86_64) AppleWebKit/537.36 (KHTML, like Gecko) Chrome/69.0.3497.100 Safari/537.36\"\n","level":"info"}
{"message":"::1 - - [08/Oct/2018:13:58:11 +0000] \"GET /api-docs/swagger-ui-bundle.js HTTP/1.1\" 200 939081 \"http://localhost:3000/api-docs/\" \"Mozilla/5.0 (X11; Linux x86_64) AppleWebKit/537.36 (KHTML, like Gecko) Chrome/69.0.3497.100 Safari/537.36\"\n","level":"info"}
{"message":"::1 - - [08/Oct/2018:13:58:11 +0000] \"GET /api-docs/swagger-ui.css HTTP/1.1\" 200 153554 \"http://localhost:3000/api-docs/\" \"Mozilla/5.0 (X11; Linux x86_64) AppleWebKit/537.36 (KHTML, like Gecko) Chrome/69.0.3497.100 Safari/537.36\"\n","level":"info"}
{"message":"::1 - - [08/Oct/2018:13:58:11 +0000] \"GET /api-docs/swagger-ui-standalone-preset.js HTTP/1.1\" 200 305717 \"http://localhost:3000/api-docs/\" \"Mozilla/5.0 (X11; Linux x86_64) AppleWebKit/537.36 (KHTML, like Gecko) Chrome/69.0.3497.100 Safari/537.36\"\n","level":"info"}
{"message":"::1 - - [08/Oct/2018:13:58:11 +0000] \"GET /api-docs/swagger-ui-init.js HTTP/1.1\" 200 10941 \"http://localhost:3000/api-docs/\" \"Mozilla/5.0 (X11; Linux x86_64) AppleWebKit/537.36 (KHTML, like Gecko) Chrome/69.0.3497.100 Safari/537.36\"\n","level":"info"}
{"message":"::1 - - [08/Oct/2018:13:58:24 +0000] \"GET /api/users HTTP/1.1\" 200 353 \"http://localhost:3000/api-docs/\" \"Mozilla/5.0 (X11; Linux x86_64) AppleWebKit/537.36 (KHTML, like Gecko) Chrome/69.0.3497.100 Safari/537.36\"\n","level":"info"}
{"message":"Inicializando a documentação da API SWAGGER","level":"info"}
{"message":"Server is running on port: 3000","level":"info"}
{"level":"info","message":"db: mongodb is connected: mongodb://localhost:27017/recicla"}
{"message":"Connected to MongoDB","level":"info"}
{"message":"Server is running on port: 3001","level":"info"}
{"level":"info","message":"db: mongodb is connected: mongodb://localhost:27017/recicla_test"}
{"message":"Connected to MongoDB","level":"info"}
{"message":"Server is running on port: 3001","level":"info"}
{"level":"info","message":"db: mongodb is connected: mongodb://localhost:27017/recicla_test"}
{"message":"Connected to MongoDB","level":"info"}
{"message":"Inicializando a documentação da API SWAGGER","level":"info"}
{"message":"Server is running on port: 3000","level":"info"}
{"level":"info","message":"db: mongodb is connected: mongodb://localhost:27017/recicla"}
{"message":"Connected to MongoDB","level":"info"}
{"message":"Server is running on port: 3001","level":"info"}
{"level":"info","message":"db: mongodb is connected: mongodb://localhost:27017/recicla_test"}
{"message":"Connected to MongoDB","level":"info"}
{"message":"Server is running on port: 3001","level":"info"}
{"level":"info","message":"db: mongodb is connected: mongodb://localhost:27017/recicla_test"}
{"message":"Connected to MongoDB","level":"info"}
{"message":"Inicializando a documentação da API SWAGGER","level":"info"}
{"message":"Server is running on port: 3000","level":"info"}
{"level":"info","message":"db: mongodb is connected: mongodb://localhost:27017/recicla"}
{"message":"Connected to MongoDB","level":"info"}
{"message":"Server is running on port: 3001","level":"info"}
{"level":"info","message":"db: mongodb is connected: mongodb://localhost:27017/recicla_test"}
{"message":"Connected to MongoDB","level":"info"}
{"message":"Server is running on port: 3001","level":"info"}
{"level":"info","message":"db: mongodb is connected: mongodb://localhost:27017/recicla_test"}
{"message":"Connected to MongoDB","level":"info"}
{"message":"::1 - - [08/Oct/2018:13:59:47 +0000] \"GET /api/users HTTP/1.1\" 200 205 \"http://localhost:3000/api-docs/\" \"Mozilla/5.0 (X11; Linux x86_64) AppleWebKit/537.36 (KHTML, like Gecko) Chrome/69.0.3497.100 Safari/537.36\"\n","level":"info"}
{"message":"Inicializando a documentação da API SWAGGER","level":"info"}
{"message":"Server is running on port: 3000","level":"info"}
{"level":"info","message":"db: mongodb is connected: mongodb://localhost:27017/recicla"}
{"message":"Connected to MongoDB","level":"info"}
{"message":"Server is running on port: 3001","level":"info"}
{"level":"info","message":"db: mongodb is connected: mongodb://localhost:27017/recicla_test"}
{"message":"Connected to MongoDB","level":"info"}
{"message":"Server is running on port: 3001","level":"info"}
{"level":"info","message":"db: mongodb is connected: mongodb://localhost:27017/recicla_test"}
{"message":"Connected to MongoDB","level":"info"}
{"message":"::1 - - [08/Oct/2018:14:00:24 +0000] \"GET /api/users HTTP/1.1\" 304 - \"http://localhost:3000/api-docs/\" \"Mozilla/5.0 (X11; Linux x86_64) AppleWebKit/537.36 (KHTML, like Gecko) Chrome/69.0.3497.100 Safari/537.36\"\n","level":"info"}
{"message":"::1 - - [08/Oct/2018:14:00:32 +0000] \"GET /api/users/5bb67268cc5ae462538b933f HTTP/1.1\" 200 120 \"http://localhost:3000/api-docs/\" \"Mozilla/5.0 (X11; Linux x86_64) AppleWebKit/537.36 (KHTML, like Gecko) Chrome/69.0.3497.100 Safari/537.36\"\n","level":"info"}
{"message":"Inicializando a documentação da API SWAGGER","level":"info"}
{"message":"Server is running on port: 3000","level":"info"}
{"level":"info","message":"db: mongodb is connected: mongodb://localhost:27017/recicla"}
{"message":"Connected to MongoDB","level":"info"}
{"message":"Server is running on port: 3001","level":"info"}
{"level":"info","message":"db: mongodb is connected: mongodb://localhost:27017/recicla_test"}
{"message":"Connected to MongoDB","level":"info"}
{"message":"::1 - - [08/Oct/2018:14:01:08 +0000] \"GET /api/users/5bb67268cc5ae462538b933f HTTP/1.1\" 304 - \"http://localhost:3000/api-docs/\" \"Mozilla/5.0 (X11; Linux x86_64) AppleWebKit/537.36 (KHTML, like Gecko) Chrome/69.0.3497.100 Safari/537.36\"\n","level":"info"}
{"message":"Server is running on port: 3001","level":"info"}
{"level":"info","message":"db: mongodb is connected: mongodb://localhost:27017/recicla_test"}
{"message":"Connected to MongoDB","level":"info"}
{"message":"::1 - - [08/Oct/2018:14:01:11 +0000] \"GET /api/users/5bb67268cc5ae462538b933f HTTP/1.1\" 304 - \"http://localhost:3000/api-docs/\" \"Mozilla/5.0 (X11; Linux x86_64) AppleWebKit/537.36 (KHTML, like Gecko) Chrome/69.0.3497.100 Safari/537.36\"\n","level":"info"}
{"message":"::1 - - [08/Oct/2018:14:01:12 +0000] \"GET /api/users/5bb67268cc5ae462538b933f HTTP/1.1\" 304 - \"http://localhost:3000/api-docs/\" \"Mozilla/5.0 (X11; Linux x86_64) AppleWebKit/537.36 (KHTML, like Gecko) Chrome/69.0.3497.100 Safari/537.36\"\n","level":"info"}
{"message":"::1 - - [08/Oct/2018:14:01:12 +0000] \"GET /api/users/5bb67268cc5ae462538b933f HTTP/1.1\" 304 - \"http://localhost:3000/api-docs/\" \"Mozilla/5.0 (X11; Linux x86_64) AppleWebKit/537.36 (KHTML, like Gecko) Chrome/69.0.3497.100 Safari/537.36\"\n","level":"info"}
{"message":"Inicializando a documentação da API SWAGGER","level":"info"}
{"message":"Server is running on port: 3000","level":"info"}
{"level":"info","message":"db: mongodb is connected: mongodb://localhost:27017/recicla"}
{"message":"Connected to MongoDB","level":"info"}
{"message":"Server is running on port: 3001","level":"info"}
{"level":"info","message":"db: mongodb is connected: mongodb://localhost:27017/recicla_test"}
{"message":"Connected to MongoDB","level":"info"}
{"message":"Server is running on port: 3001","level":"info"}
{"level":"info","message":"db: mongodb is connected: mongodb://localhost:27017/recicla_test"}
{"message":"Connected to MongoDB","level":"info"}
{"message":"Inicializando a documentação da API SWAGGER","level":"info"}
{"message":"Server is running on port: 3000","level":"info"}
{"level":"info","message":"db: mongodb is connected: mongodb://localhost:27017/recicla"}
{"message":"Connected to MongoDB","level":"info"}
{"message":"Server is running on port: 3001","level":"info"}
{"level":"info","message":"db: mongodb is connected: mongodb://localhost:27017/recicla_test"}
{"message":"Connected to MongoDB","level":"info"}
{"message":"Server is running on port: 3001","level":"info"}
{"level":"info","message":"db: mongodb is connected: mongodb://localhost:27017/recicla_test"}
{"message":"Connected to MongoDB","level":"info"}
{"message":"::1 - - [08/Oct/2018:14:02:45 +0000] \"GET /api-docs/ HTTP/1.1\" 200 3112 \"-\" \"Mozilla/5.0 (X11; Linux x86_64) AppleWebKit/537.36 (KHTML, like Gecko) Chrome/69.0.3497.100 Safari/537.36\"\n","level":"info"}
{"message":"::1 - - [08/Oct/2018:14:02:45 +0000] \"GET /api-docs/swagger-ui-init.js HTTP/1.1\" 200 10939 \"http://localhost:3000/api-docs/\" \"Mozilla/5.0 (X11; Linux x86_64) AppleWebKit/537.36 (KHTML, like Gecko) Chrome/69.0.3497.100 Safari/537.36\"\n","level":"info"}
{"message":"::1 - - [08/Oct/2018:14:02:45 +0000] \"GET /api-docs/swagger-ui.css HTTP/1.1\" 200 153554 \"http://localhost:3000/api-docs/\" \"Mozilla/5.0 (X11; Linux x86_64) AppleWebKit/537.36 (KHTML, like Gecko) Chrome/69.0.3497.100 Safari/537.36\"\n","level":"info"}
{"message":"::1 - - [08/Oct/2018:14:02:45 +0000] \"GET /api-docs/swagger-ui-standalone-preset.js HTTP/1.1\" 200 305717 \"http://localhost:3000/api-docs/\" \"Mozilla/5.0 (X11; Linux x86_64) AppleWebKit/537.36 (KHTML, like Gecko) Chrome/69.0.3497.100 Safari/537.36\"\n","level":"info"}
{"message":"::1 - - [08/Oct/2018:14:02:45 +0000] \"GET /api-docs/swagger-ui-bundle.js HTTP/1.1\" 200 939081 \"http://localhost:3000/api-docs/\" \"Mozilla/5.0 (X11; Linux x86_64) AppleWebKit/537.36 (KHTML, like Gecko) Chrome/69.0.3497.100 Safari/537.36\"\n","level":"info"}
{"message":"::1 - - [08/Oct/2018:14:02:45 +0000] \"GET /api-docs/favicon-32x32.png HTTP/1.1\" 304 - \"http://localhost:3000/api-docs/\" \"Mozilla/5.0 (X11; Linux x86_64) AppleWebKit/537.36 (KHTML, like Gecko) Chrome/69.0.3497.100 Safari/537.36\"\n","level":"info"}
{"message":"::1 - - [08/Oct/2018:14:02:45 +0000] \"GET /api-docs/favicon-16x16.png HTTP/1.1\" 304 - \"http://localhost:3000/api-docs/\" \"Mozilla/5.0 (X11; Linux x86_64) AppleWebKit/537.36 (KHTML, like Gecko) Chrome/69.0.3497.100 Safari/537.36\"\n","level":"info"}
{"message":"::1 - - [08/Oct/2018:14:02:50 +0000] \"GET /api/users HTTP/1.1\" 304 - \"http://localhost:3000/api-docs/\" \"Mozilla/5.0 (X11; Linux x86_64) AppleWebKit/537.36 (KHTML, like Gecko) Chrome/69.0.3497.100 Safari/537.36\"\n","level":"info"}
{"message":"Server is running on port: 3001","level":"info"}
{"level":"info","message":"db: mongodb is connected: mongodb://localhost:27017/recicla_test"}
{"message":"Connected to MongoDB","level":"info"}
{"message":"Server is running on port: 3001","level":"info"}
{"level":"info","message":"db: mongodb is connected: mongodb://localhost:27017/recicla_test"}
{"message":"Connected to MongoDB","level":"info"}
{"message":"Inicializando a documentação da API SWAGGER","level":"info"}
{"message":"Server is running on port: 3000","level":"info"}
{"level":"info","message":"db: mongodb is connected: mongodb://localhost:27017/recicla"}
{"message":"Connected to MongoDB","level":"info"}
{"message":"::1 - - [08/Oct/2018:14:03:34 +0000] \"GET /api-docs/ HTTP/1.1\" 200 3112 \"-\" \"Mozilla/5.0 (X11; Linux x86_64) AppleWebKit/537.36 (KHTML, like Gecko) Chrome/69.0.3497.100 Safari/537.36\"\n","level":"info"}
{"message":"::1 - - [08/Oct/2018:14:03:34 +0000] \"GET /api-docs/swagger-ui-init.js HTTP/1.1\" 200 10939 \"http://localhost:3000/api-docs/\" \"Mozilla/5.0 (X11; Linux x86_64) AppleWebKit/537.36 (KHTML, like Gecko) Chrome/69.0.3497.100 Safari/537.36\"\n","level":"info"}
{"message":"::1 - - [08/Oct/2018:14:03:34 +0000] \"GET /api-docs/swagger-ui.css HTTP/1.1\" 200 153554 \"http://localhost:3000/api-docs/\" \"Mozilla/5.0 (X11; Linux x86_64) AppleWebKit/537.36 (KHTML, like Gecko) Chrome/69.0.3497.100 Safari/537.36\"\n","level":"info"}
{"message":"::1 - - [08/Oct/2018:14:03:34 +0000] \"GET /api-docs/swagger-ui-standalone-preset.js HTTP/1.1\" 200 305717 \"http://localhost:3000/api-docs/\" \"Mozilla/5.0 (X11; Linux x86_64) AppleWebKit/537.36 (KHTML, like Gecko) Chrome/69.0.3497.100 Safari/537.36\"\n","level":"info"}
{"message":"::1 - - [08/Oct/2018:14:03:34 +0000] \"GET /api-docs/swagger-ui-bundle.js HTTP/1.1\" 200 939081 \"http://localhost:3000/api-docs/\" \"Mozilla/5.0 (X11; Linux x86_64) AppleWebKit/537.36 (KHTML, like Gecko) Chrome/69.0.3497.100 Safari/537.36\"\n","level":"info"}
{"message":"::1 - - [08/Oct/2018:14:03:34 +0000] \"GET /api-docs/favicon-32x32.png HTTP/1.1\" 304 - \"http://localhost:3000/api-docs/\" \"Mozilla/5.0 (X11; Linux x86_64) AppleWebKit/537.36 (KHTML, like Gecko) Chrome/69.0.3497.100 Safari/537.36\"\n","level":"info"}
{"message":"::1 - - [08/Oct/2018:14:03:34 +0000] \"GET /api-docs/favicon-16x16.png HTTP/1.1\" 304 - \"http://localhost:3000/api-docs/\" \"Mozilla/5.0 (X11; Linux x86_64) AppleWebKit/537.36 (KHTML, like Gecko) Chrome/69.0.3497.100 Safari/537.36\"\n","level":"info"}
{"message":"::1 - - [08/Oct/2018:14:04:03 +0000] \"POST /api/companies HTTP/1.1\" 200 51 \"http://localhost:3000/api-docs/\" \"Mozilla/5.0 (X11; Linux x86_64) AppleWebKit/537.36 (KHTML, like Gecko) Chrome/69.0.3497.100 Safari/537.36\"\n","level":"info"}
{"message":"::1 - - [08/Oct/2018:14:04:13 +0000] \"POST /api/users HTTP/1.1\" 200 60 \"http://localhost:3000/api-docs/\" \"Mozilla/5.0 (X11; Linux x86_64) AppleWebKit/537.36 (KHTML, like Gecko) Chrome/69.0.3497.100 Safari/537.36\"\n","level":"info"}
{"message":"::1 - - [08/Oct/2018:14:04:23 +0000] \"GET /api/users HTTP/1.1\" 200 227 \"http://localhost:3000/api-docs/\" \"Mozilla/5.0 (X11; Linux x86_64) AppleWebKit/537.36 (KHTML, like Gecko) Chrome/69.0.3497.100 Safari/537.36\"\n","level":"info"}
{"message":"::1 - - [08/Oct/2018:14:05:25 +0000] \"GET /api/users/5bbb63dd9a5b44352809374e HTTP/1.1\" 200 225 \"http://localhost:3000/api-docs/\" \"Mozilla/5.0 (X11; Linux x86_64) AppleWebKit/537.36 (KHTML, like Gecko) Chrome/69.0.3497.100 Safari/537.36\"\n","level":"info"}
{"message":"Inicializando a documentação da API SWAGGER","level":"info"}
{"message":"Server is running on port: 3000","level":"info"}
{"level":"info","message":"db: mongodb is connected: mongodb://localhost:27017/recicla"}
{"message":"Connected to MongoDB","level":"info"}
{"message":"Server is running on port: 3001","level":"info"}
{"level":"info","message":"db: mongodb is connected: mongodb://localhost:27017/recicla_test"}
{"message":"Connected to MongoDB","level":"info"}
{"message":"Server is running on port: 3001","level":"info"}
{"level":"info","message":"db: mongodb is connected: mongodb://localhost:27017/recicla_test"}
{"message":"Connected to MongoDB","level":"info"}
{"message":"Inicializando a documentação da API SWAGGER","level":"info"}
{"message":"Server is running on port: 3000","level":"info"}
{"level":"info","message":"db: mongodb is connected: mongodb://localhost:27017/recicla"}
{"message":"Connected to MongoDB","level":"info"}
{"message":"Server is running on port: 3001","level":"info"}
{"level":"info","message":"db: mongodb is connected: mongodb://localhost:27017/recicla_test"}
{"message":"Connected to MongoDB","level":"info"}
{"message":"Server is running on port: 3001","level":"info"}
{"level":"info","message":"db: mongodb is connected: mongodb://localhost:27017/recicla_test"}
{"message":"Connected to MongoDB","level":"info"}
{"message":"Inicializando a documentação da API SWAGGER","level":"info"}
{"message":"Server is running on port: 3000","level":"info"}
{"level":"info","message":"db: mongodb is connected: mongodb://localhost:27017/recicla"}
{"message":"Connected to MongoDB","level":"info"}
{"message":"Server is running on port: 3001","level":"info"}
{"level":"info","message":"db: mongodb is connected: mongodb://localhost:27017/recicla_test"}
{"message":"Connected to MongoDB","level":"info"}
{"message":"Server is running on port: 3001","level":"info"}
{"level":"info","message":"db: mongodb is connected: mongodb://localhost:27017/recicla_test"}
{"message":"Connected to MongoDB","level":"info"}
{"message":"Inicializando a documentação da API SWAGGER","level":"info"}
{"message":"Server is running on port: 3000","level":"info"}
{"level":"info","message":"db: mongodb is connected: mongodb://localhost:27017/recicla"}
{"message":"Connected to MongoDB","level":"info"}
{"message":"Server is running on port: 3001","level":"info"}
{"level":"info","message":"db: mongodb is connected: mongodb://localhost:27017/recicla_test"}
{"message":"Connected to MongoDB","level":"info"}
{"message":"Server is running on port: 3001","level":"info"}
{"level":"info","message":"db: mongodb is connected: mongodb://localhost:27017/recicla_test"}
{"message":"Connected to MongoDB","level":"info"}
{"message":"Inicializando a documentação da API SWAGGER","level":"info"}
{"message":"Server is running on port: 3000","level":"info"}
{"level":"info","message":"db: mongodb is connected: mongodb://localhost:27017/recicla"}
{"message":"Connected to MongoDB","level":"info"}
{"message":"Server is running on port: 3001","level":"info"}
{"level":"info","message":"db: mongodb is connected: mongodb://localhost:27017/recicla_test"}
{"message":"Connected to MongoDB","level":"info"}
{"message":"Server is running on port: 3001","level":"info"}
{"level":"info","message":"db: mongodb is connected: mongodb://localhost:27017/recicla_test"}
{"message":"Connected to MongoDB","level":"info"}
{"message":"Inicializando a documentação da API SWAGGER","level":"info"}
{"message":"Server is running on port: 3000","level":"info"}
{"level":"info","message":"db: mongodb is connected: mongodb://localhost:27017/recicla"}
{"message":"Connected to MongoDB","level":"info"}
{"message":"Server is running on port: 3001","level":"info"}
{"level":"info","message":"db: mongodb is connected: mongodb://localhost:27017/recicla_test"}
{"message":"Connected to MongoDB","level":"info"}
{"message":"Server is running on port: 3001","level":"info"}
{"level":"info","message":"db: mongodb is connected: mongodb://localhost:27017/recicla_test"}
{"message":"Connected to MongoDB","level":"info"}
{"message":"::1 - - [08/Oct/2018:14:10:00 +0000] \"GET /api-docs/ HTTP/1.1\" 200 3112 \"-\" \"Mozilla/5.0 (X11; Linux x86_64) AppleWebKit/537.36 (KHTML, like Gecko) Chrome/69.0.3497.100 Safari/537.36\"\n","level":"info"}
{"message":"::1 - - [08/Oct/2018:14:10:00 +0000] \"GET /api-docs/swagger-ui-init.js HTTP/1.1\" 200 10939 \"http://localhost:3000/api-docs/\" \"Mozilla/5.0 (X11; Linux x86_64) AppleWebKit/537.36 (KHTML, like Gecko) Chrome/69.0.3497.100 Safari/537.36\"\n","level":"info"}
{"message":"::1 - - [08/Oct/2018:14:10:00 +0000] \"GET /api-docs/swagger-ui.css HTTP/1.1\" 200 153554 \"http://localhost:3000/api-docs/\" \"Mozilla/5.0 (X11; Linux x86_64) AppleWebKit/537.36 (KHTML, like Gecko) Chrome/69.0.3497.100 Safari/537.36\"\n","level":"info"}
{"message":"::1 - - [08/Oct/2018:14:10:00 +0000] \"GET /api-docs/swagger-ui-standalone-preset.js HTTP/1.1\" 200 305717 \"http://localhost:3000/api-docs/\" \"Mozilla/5.0 (X11; Linux x86_64) AppleWebKit/537.36 (KHTML, like Gecko) Chrome/69.0.3497.100 Safari/537.36\"\n","level":"info"}
{"message":"::1 - - [08/Oct/2018:14:10:00 +0000] \"GET /api-docs/swagger-ui-bundle.js HTTP/1.1\" 200 939081 \"http://localhost:3000/api-docs/\" \"Mozilla/5.0 (X11; Linux x86_64) AppleWebKit/537.36 (KHTML, like Gecko) Chrome/69.0.3497.100 Safari/537.36\"\n","level":"info"}
{"message":"::1 - - [08/Oct/2018:14:10:01 +0000] \"GET /api-docs/favicon-32x32.png HTTP/1.1\" 200 1141 \"http://localhost:3000/api-docs/\" \"Mozilla/5.0 (X11; Linux x86_64) AppleWebKit/537.36 (KHTML, like Gecko) Chrome/69.0.3497.100 Safari/537.36\"\n","level":"info"}
{"message":"::1 - - [08/Oct/2018:14:10:01 +0000] \"GET /api-docs/favicon-16x16.png HTTP/1.1\" 304 - \"http://localhost:3000/api-docs/\" \"Mozilla/5.0 (X11; Linux x86_64) AppleWebKit/537.36 (KHTML, like Gecko) Chrome/69.0.3497.100 Safari/537.36\"\n","level":"info"}
{"message":"::1 - - [08/Oct/2018:14:10:05 +0000] \"GET /api/users HTTP/1.1\" 304 - \"http://localhost:3000/api-docs/\" \"Mozilla/5.0 (X11; Linux x86_64) AppleWebKit/537.36 (KHTML, like Gecko) Chrome/69.0.3497.100 Safari/537.36\"\n","level":"info"}
